<?xml version="1.0" encoding="UTF-8"?>
<!-- Generated by org.testng.reporters.JUnitReportReporter -->
<testsuite hostname="Aams-MacBook-Pro-2.local" name="spreeapitest.SpreeApiTest" tests="2" failures="0" timestamp="30 Aug 2016 05:18:34 GMT" time="4.593" errors="0">
  <testcase name="test5" time="1.226" classname="spreeapitest.SpreeApiTest"/>
  <testcase name="chqconnectiontest" time="3.367" classname="spreeapitest.SpreeApiTest"/>
</testsuite> <!-- spreeapitest.SpreeApiTest -->
