<?xml version="1.0" encoding="UTF-8"?>
<!-- Generated by org.testng.reporters.JUnitReportReporter -->
<testsuite hostname="Aams-MacBook-Pro-2.local" name="spreeuitest.ProductTest" tests="2" failures="0" timestamp="13 Oct 2016 19:33:54 GMT" time="11.585" errors="0">
  <testcase name="ProductSelectionTest" time="4.754" classname="spreeuitest.ProductTest"/>
  <testcase name="Product1Test" time="6.831" classname="spreeuitest.ProductTest"/>
</testsuite> <!-- spreeuitest.ProductTest -->
