<?xml version="1.0" encoding="UTF-8"?>
<!-- Generated by org.testng.reporters.JUnitReportReporter -->
<testsuite hostname="Aams-MacBook-Pro-2.local" name="spreeuitest.RegistrationTest" tests="1" failures="0" timestamp="31 Aug 2016 23:21:18 GMT" time="6.578" errors="0">
  <testcase name="accountButtonVerification" time="6.578" classname="spreeuitest.RegistrationTest"/>
</testsuite> <!-- spreeuitest.RegistrationTest -->
