<?xml version="1.0" encoding="UTF-8"?>
<!-- Generated by org.testng.reporters.JUnitReportReporter -->
<testsuite hostname="Aams-MacBook-Pro-2.local" name="spreeapitest.SpreeApiTest" tests="1" failures="0" timestamp="31 Aug 2016 21:28:44 GMT" time="8.588" errors="0">
  <testcase name="chqconnectiontest" time="8.588" classname="spreeapitest.SpreeApiTest"/>
</testsuite> <!-- spreeapitest.SpreeApiTest -->
