<?xml version="1.0" encoding="UTF-8"?>
<!-- Generated by org.testng.reporters.JUnitReportReporter -->
<testsuite hostname="Aams-MacBook-Pro-2.local" name="spreeuitest.LoginTest" tests="1" failures="0" timestamp="13 Oct 2016 19:33:54 GMT" time="7.514" errors="0">
  <testcase name="accountButtonVerification" time="7.514" classname="spreeuitest.LoginTest"/>
</testsuite> <!-- spreeuitest.LoginTest -->
