<?xml version="1.0" encoding="UTF-8"?>
<!-- Generated by org.testng.reporters.JUnitReportReporter -->
<testsuite hostname="Aams-MacBook-Pro-2.local" name="spreeuitest.RegistrationTest" tests="1" failures="0" timestamp="31 Aug 2016 21:28:44 GMT" time="7.650" errors="0">
  <testcase name="accountButtonVerification" time="7.650" classname="spreeuitest.RegistrationTest"/>
</testsuite> <!-- spreeuitest.RegistrationTest -->
