<?xml version="1.0" encoding="UTF-8"?>
<!-- Generated by org.testng.reporters.JUnitReportReporter -->
<testsuite hostname="Aams-MacBook-Pro-2.local" name="spreeuitest.ProductTest" tests="2" failures="0" timestamp="31 Aug 2016 20:04:51 GMT" time="10.935" errors="0">
  <testcase name="Product1Test" time="5.990" classname="spreeuitest.ProductTest"/>
  <testcase name="ProductSelectionTest" time="4.945" classname="spreeuitest.ProductTest"/>
</testsuite> <!-- spreeuitest.ProductTest -->
