<?xml version="1.0" encoding="UTF-8"?>
<!-- Generated by org.testng.reporters.JUnitReportReporter -->
<testsuite hostname="Aams-MacBook-Pro-2.local" name="spreeuitest.ProductTest" tests="2" failures="0" timestamp="31 Aug 2016 23:21:18 GMT" time="11.229" errors="0">
  <testcase name="Product1Test" time="6.124" classname="spreeuitest.ProductTest"/>
  <testcase name="ProductSelectionTest" time="5.105" classname="spreeuitest.ProductTest"/>
</testsuite> <!-- spreeuitest.ProductTest -->
