<?xml version="1.0" encoding="UTF-8"?>
<!-- Generated by org.testng.reporters.JUnitReportReporter -->
<testsuite hostname="Aams-MacBook-Pro-2.local" name="spreeuitest.SmokeTest" tests="2" failures="0" timestamp="31 Aug 2016 23:21:18 GMT" time="13.907" errors="0">
  <testcase name="signInTest" time="7.017" classname="spreeuitest.SmokeTest"/>
  <testcase name="BrowserTest" time="6.890" classname="spreeuitest.SmokeTest"/>
</testsuite> <!-- spreeuitest.SmokeTest -->
