<?xml version="1.0" encoding="UTF-8"?>
<!-- Generated by org.testng.reporters.JUnitReportReporter -->
<testsuite hostname="Aams-MacBook-Pro-2.local" name="spreeuitest.SmokeTest" tests="2" failures="0" timestamp="31 Aug 2016 21:28:44 GMT" time="13.328" errors="0">
  <testcase name="BrowserTest" time="6.128" classname="spreeuitest.SmokeTest"/>
  <testcase name="signInTest" time="7.200" classname="spreeuitest.SmokeTest"/>
</testsuite> <!-- spreeuitest.SmokeTest -->
