<?xml version="1.0" encoding="UTF-8"?>
<!-- Generated by org.testng.reporters.JUnitReportReporter -->
<testsuite hostname="Aams-MacBook-Pro-2.local" name="spreeuitest.SmokeTest" tests="2" failures="0" timestamp="13 Oct 2016 19:33:54 GMT" time="15.563" errors="0">
  <testcase name="signInTest" time="7.579" classname="spreeuitest.SmokeTest"/>
  <testcase name="BrowserTest" time="7.984" classname="spreeuitest.SmokeTest"/>
</testsuite> <!-- spreeuitest.SmokeTest -->
