<?xml version="1.0" encoding="UTF-8"?>
<!-- Generated by org.testng.reporters.JUnitReportReporter -->
<testsuite hostname="Aams-MacBook-Pro-2.local" name="spreeuitest.SmokeTest" tests="2" failures="0" timestamp="31 Aug 2016 20:04:51 GMT" time="13.699" errors="0">
  <testcase name="BrowserTest" time="7.139" classname="spreeuitest.SmokeTest"/>
  <testcase name="signInTest" time="6.560" classname="spreeuitest.SmokeTest"/>
</testsuite> <!-- spreeuitest.SmokeTest -->
