<?xml version="1.0" encoding="UTF-8"?>
<!-- Generated by org.testng.reporters.JUnitReportReporter -->
<testsuite hostname="Aams-MacBook-Pro-2.local" name="spreeuitest.ProductTest" tests="2" failures="0" timestamp="31 Aug 2016 21:28:44 GMT" time="9.631" errors="0">
  <testcase name="Product1Test" time="4.934" classname="spreeuitest.ProductTest"/>
  <testcase name="ProductSelectionTest" time="4.697" classname="spreeuitest.ProductTest"/>
</testsuite> <!-- spreeuitest.ProductTest -->
